<?xml version="1.0" encoding="UTF-8"?>
<!-- Generated by org.testng.reporters.JUnitXMLReporter -->
<testsuite ignored="0" hostname="seleniuminstance2-0" failures="0" tests="3" name="Surefire test" time="37.361" errors="0" timestamp="2023-09-20T02:12:13 UTC">
  <testcase classname="runner.Testcase3" name="TC_003" time="10.062"/>
  <testcase classname="runner.Testcase2" name="TC_002" time="11.1"/>
  <testcase classname="runner.Testcase1" name="TC_001" time="6.027"/>
</testsuite> <!-- Surefire test -->
